{
"/Users/davidbastien/Documents/Capstone/Resto Touch/dist/dev/app/system-config.js":{"path":"/Users/davidbastien/Documents/Capstone/Resto Touch/dist/dev/app/system-config.js","s":{"1":1},"b":{},"f":{},"fnMap":{},"statementMap":{"1":{"start":{"line":1,"column":0},"end":{"line":1,"column":1505}}},"branchMap":{},"l":{"1":1}},
"/Users/davidbastien/Documents/Capstone/Resto Touch/dist/dev/app/shared/models/category.js":{"path":"/Users/davidbastien/Documents/Capstone/Resto Touch/dist/dev/app/shared/models/category.js","s":{"1":1,"2":1,"3":3,"4":3,"5":1,"6":1},"b":{},"f":{"1":1,"2":3},"fnMap":{"1":{"name":"(anonymous_1)","line":2,"loc":{"start":{"line":2,"column":16},"end":{"line":2,"column":28}}},"2":{"name":"Category","line":3,"loc":{"start":{"line":3,"column":4},"end":{"line":3,"column":40}}}},"statementMap":{"1":{"start":{"line":2,"column":0},"end":{"line":8,"column":5}},"2":{"start":{"line":3,"column":4},"end":{"line":6,"column":5}},"3":{"start":{"line":4,"column":8},"end":{"line":4,"column":41}},"4":{"start":{"line":5,"column":8},"end":{"line":5,"column":21}},"5":{"start":{"line":7,"column":4},"end":{"line":7,"column":20}},"6":{"start":{"line":9,"column":0},"end":{"line":9,"column":28}}},"branchMap":{},"l":{"2":1,"3":1,"4":3,"5":3,"7":1,"9":1}},
"/Users/davidbastien/Documents/Capstone/Resto Touch/dist/dev/app/dashboard/category/category.service.js":{"path":"/Users/davidbastien/Documents/Capstone/Resto Touch/dist/dev/app/dashboard/category/category.service.js","s":{"1":1,"2":1,"3":1,"4":0,"5":1,"6":2,"7":2,"8":1,"9":1,"10":1,"11":1,"12":1,"13":1,"14":1,"15":1,"16":1,"17":1,"18":1,"19":3,"20":3,"21":3,"22":1,"23":0,"24":1,"25":0,"26":0,"27":0,"28":1,"29":1,"30":1,"31":1,"32":1,"33":1,"34":1,"35":1,"36":1,"37":1,"38":1,"39":1,"40":1,"41":3,"42":3,"43":1,"44":0,"45":0,"46":0,"47":1,"48":1,"49":1},"b":{"1":[1,1,1],"2":[1,0],"3":[0,0],"4":[0,1],"5":[1,1],"6":[2,0],"7":[2,1],"8":[2,0],"9":[0,0],"10":[1,0,0],"11":[1,1,1],"12":[1,0],"13":[1,1],"14":[3,0],"15":[0,0],"16":[0,0]},"f":{"1":1,"2":1,"3":1,"4":3,"5":0,"6":0,"7":0,"8":1,"9":1,"10":1,"11":3,"12":0},"fnMap":{"1":{"name":"(anonymous_1)","line":2,"loc":{"start":{"line":2,"column":46},"end":{"line":2,"column":87}}},"2":{"name":"(anonymous_2)","line":8,"loc":{"start":{"line":8,"column":46},"end":{"line":8,"column":62}}},"3":{"name":"(anonymous_3)","line":16,"loc":{"start":{"line":16,"column":23},"end":{"line":16,"column":35}}},"4":{"name":"CategoryService","line":17,"loc":{"start":{"line":17,"column":4},"end":{"line":17,"column":40}}},"5":{"name":"(anonymous_5)","line":22,"loc":{"start":{"line":22,"column":44},"end":{"line":22,"column":58}}},"6":{"name":"(anonymous_6)","line":27,"loc":{"start":{"line":27,"column":46},"end":{"line":27,"column":58}}},"7":{"name":"(anonymous_7)","line":30,"loc":{"start":{"line":30,"column":17},"end":{"line":30,"column":37}}},"8":{"name":"(anonymous_8)","line":33,"loc":{"start":{"line":33,"column":44},"end":{"line":33,"column":64}}},"9":{"name":"(anonymous_9)","line":41,"loc":{"start":{"line":41,"column":47},"end":{"line":41,"column":67}}},"10":{"name":"(anonymous_10)","line":49,"loc":{"start":{"line":49,"column":47},"end":{"line":49,"column":67}}},"11":{"name":"(anonymous_11)","line":54,"loc":{"start":{"line":54,"column":44},"end":{"line":54,"column":59}}},"12":{"name":"(anonymous_12)","line":58,"loc":{"start":{"line":58,"column":44},"end":{"line":58,"column":61}}}},"statementMap":{"1":{"start":{"line":2,"column":0},"end":{"line":7,"column":2}},"2":{"start":{"line":3,"column":4},"end":{"line":3,"column":129}},"3":{"start":{"line":4,"column":4},"end":{"line":5,"column":150}},"4":{"start":{"line":4,"column":79},"end":{"line":4,"column":131}},"5":{"start":{"line":5,"column":9},"end":{"line":5,"column":150}},"6":{"start":{"line":5,"column":58},"end":{"line":5,"column":150}},"7":{"start":{"line":5,"column":81},"end":{"line":5,"column":150}},"8":{"start":{"line":6,"column":4},"end":{"line":6,"column":66}},"9":{"start":{"line":8,"column":0},"end":{"line":10,"column":2}},"10":{"start":{"line":9,"column":4},"end":{"line":9,"column":109}},"11":{"start":{"line":9,"column":79},"end":{"line":9,"column":109}},"12":{"start":{"line":11,"column":0},"end":{"line":11,"column":38}},"13":{"start":{"line":12,"column":0},"end":{"line":12,"column":38}},"14":{"start":{"line":13,"column":0},"end":{"line":13,"column":72}},"15":{"start":{"line":14,"column":0},"end":{"line":14,"column":46}},"16":{"start":{"line":15,"column":0},"end":{"line":15,"column":76}},"17":{"start":{"line":16,"column":0},"end":{"line":69,"column":5}},"18":{"start":{"line":17,"column":4},"end":{"line":21,"column":5}},"19":{"start":{"line":18,"column":8},"end":{"line":18,"column":25}},"20":{"start":{"line":19,"column":8},"end":{"line":19,"column":23}},"21":{"start":{"line":20,"column":8},"end":{"line":20,"column":31}},"22":{"start":{"line":22,"column":4},"end":{"line":26,"column":6}},"23":{"start":{"line":23,"column":8},"end":{"line":25,"column":37}},"24":{"start":{"line":27,"column":4},"end":{"line":32,"column":6}},"25":{"start":{"line":28,"column":8},"end":{"line":28,"column":25}},"26":{"start":{"line":29,"column":8},"end":{"line":31,"column":37}},"27":{"start":{"line":30,"column":39},"end":{"line":30,"column":85}},"28":{"start":{"line":33,"column":4},"end":{"line":40,"column":6}},"29":{"start":{"line":34,"column":8},"end":{"line":34,"column":44}},"30":{"start":{"line":35,"column":8},"end":{"line":35,"column":81}},"31":{"start":{"line":36,"column":8},"end":{"line":36,"column":70}},"32":{"start":{"line":37,"column":8},"end":{"line":39,"column":37}},"33":{"start":{"line":41,"column":4},"end":{"line":48,"column":6}},"34":{"start":{"line":42,"column":8},"end":{"line":42,"column":44}},"35":{"start":{"line":43,"column":8},"end":{"line":43,"column":81}},"36":{"start":{"line":44,"column":8},"end":{"line":44,"column":70}},"37":{"start":{"line":45,"column":8},"end":{"line":47,"column":37}},"38":{"start":{"line":49,"column":4},"end":{"line":53,"column":6}},"39":{"start":{"line":50,"column":8},"end":{"line":52,"column":37}},"40":{"start":{"line":54,"column":4},"end":{"line":57,"column":6}},"41":{"start":{"line":55,"column":8},"end":{"line":55,"column":30}},"42":{"start":{"line":56,"column":8},"end":{"line":56,"column":26}},"43":{"start":{"line":58,"column":4},"end":{"line":63,"column":6}},"44":{"start":{"line":59,"column":8},"end":{"line":60,"column":84}},"45":{"start":{"line":61,"column":8},"end":{"line":61,"column":30}},"46":{"start":{"line":62,"column":8},"end":{"line":62,"column":53}},"47":{"start":{"line":64,"column":4},"end":{"line":67,"column":24}},"48":{"start":{"line":68,"column":4},"end":{"line":68,"column":27}},"49":{"start":{"line":70,"column":0},"end":{"line":70,"column":42}}},"branchMap":{"1":{"line":2,"type":"binary-expr","locations":[{"start":{"line":2,"column":18},"end":{"line":2,"column":22}},{"start":{"line":2,"column":26},"end":{"line":2,"column":41}},{"start":{"line":2,"column":46},"end":{"line":7,"column":1}}]},"2":{"line":3,"type":"cond-expr","locations":[{"start":{"line":3,"column":42},"end":{"line":3,"column":48}},{"start":{"line":3,"column":51},"end":{"line":3,"column":125}}]},"3":{"line":3,"type":"cond-expr","locations":[{"start":{"line":3,"column":67},"end":{"line":3,"column":118}},{"start":{"line":3,"column":121},"end":{"line":3,"column":125}}]},"4":{"line":4,"type":"if","locations":[{"start":{"line":4,"column":4},"end":{"line":4,"column":4}},{"start":{"line":4,"column":4},"end":{"line":4,"column":4}}]},"5":{"line":4,"type":"binary-expr","locations":[{"start":{"line":4,"column":8},"end":{"line":4,"column":35}},{"start":{"line":4,"column":39},"end":{"line":4,"column":77}}]},"6":{"line":5,"type":"if","locations":[{"start":{"line":5,"column":58},"end":{"line":5,"column":58}},{"start":{"line":5,"column":58},"end":{"line":5,"column":58}}]},"7":{"line":5,"type":"binary-expr","locations":[{"start":{"line":5,"column":86},"end":{"line":5,"column":143}},{"start":{"line":5,"column":148},"end":{"line":5,"column":149}}]},"8":{"line":5,"type":"cond-expr","locations":[{"start":{"line":5,"column":94},"end":{"line":5,"column":98}},{"start":{"line":5,"column":101},"end":{"line":5,"column":143}}]},"9":{"line":5,"type":"cond-expr","locations":[{"start":{"line":5,"column":109},"end":{"line":5,"column":126}},{"start":{"line":5,"column":129},"end":{"line":5,"column":143}}]},"10":{"line":6,"type":"binary-expr","locations":[{"start":{"line":6,"column":11},"end":{"line":6,"column":16}},{"start":{"line":6,"column":20},"end":{"line":6,"column":21}},{"start":{"line":6,"column":25},"end":{"line":6,"column":62}}]},"11":{"line":8,"type":"binary-expr","locations":[{"start":{"line":8,"column":18},"end":{"line":8,"column":22}},{"start":{"line":8,"column":26},"end":{"line":8,"column":41}},{"start":{"line":8,"column":46},"end":{"line":10,"column":1}}]},"12":{"line":9,"type":"if","locations":[{"start":{"line":9,"column":4},"end":{"line":9,"column":4}},{"start":{"line":9,"column":4},"end":{"line":9,"column":4}}]},"13":{"line":9,"type":"binary-expr","locations":[{"start":{"line":9,"column":8},"end":{"line":9,"column":35}},{"start":{"line":9,"column":39},"end":{"line":9,"column":77}}]},"14":{"line":56,"type":"binary-expr","locations":[{"start":{"line":56,"column":15},"end":{"line":56,"column":19}},{"start":{"line":56,"column":23},"end":{"line":56,"column":25}}]},"15":{"line":59,"type":"cond-expr","locations":[{"start":{"line":59,"column":39},"end":{"line":59,"column":52}},{"start":{"line":60,"column":12},"end":{"line":60,"column":83}}]},"16":{"line":60,"type":"cond-expr","locations":[{"start":{"line":60,"column":27},"end":{"line":60,"column":66}},{"start":{"line":60,"column":69},"end":{"line":60,"column":83}}]}},"l":{"2":1,"3":1,"4":1,"5":2,"6":1,"8":1,"9":1,"11":1,"12":1,"13":1,"14":1,"15":1,"16":1,"17":1,"18":3,"19":3,"20":3,"22":1,"23":0,"27":1,"28":0,"29":0,"30":0,"33":1,"34":1,"35":1,"36":1,"37":1,"41":1,"42":1,"43":1,"44":1,"45":1,"49":1,"50":1,"54":1,"55":3,"56":3,"58":1,"59":0,"61":0,"62":0,"64":1,"68":1,"70":1}},
"/Users/davidbastien/Documents/Capstone/Resto Touch/dist/dev/app/services/auth-http.services.js":{"path":"/Users/davidbastien/Documents/Capstone/Resto Touch/dist/dev/app/services/auth-http.services.js","s":{"1":1,"2":1,"3":1,"4":0,"5":1,"6":2,"7":2,"8":1,"9":1,"10":1,"11":1,"12":1,"13":1,"14":1,"15":1,"16":1,"17":15,"18":15,"19":15,"20":1,"21":4,"22":4,"23":4,"24":0,"25":0,"26":0,"27":1,"28":4,"29":0,"30":0,"31":4,"32":4,"33":4,"34":1,"35":3,"36":3,"37":3,"38":0,"39":0,"40":0,"41":1,"42":4,"43":0,"44":0,"45":4,"46":4,"47":4,"48":1,"49":1,"50":1},"b":{"1":[1,1,1],"2":[1,0],"3":[0,0],"4":[0,1],"5":[1,1],"6":[2,0],"7":[2,1],"8":[2,0],"9":[0,0],"10":[1,0,0],"11":[1,1,1],"12":[1,0],"13":[1,1],"14":[4,0],"15":[0,4],"16":[3,0],"17":[0,4]},"f":{"1":1,"2":1,"3":1,"4":15,"5":4,"6":4,"7":3,"8":4},"fnMap":{"1":{"name":"(anonymous_1)","line":2,"loc":{"start":{"line":2,"column":46},"end":{"line":2,"column":87}}},"2":{"name":"(anonymous_2)","line":8,"loc":{"start":{"line":8,"column":46},"end":{"line":8,"column":62}}},"3":{"name":"(anonymous_3)","line":14,"loc":{"start":{"line":14,"column":23},"end":{"line":14,"column":35}}},"4":{"name":"AuthHttpService","line":15,"loc":{"start":{"line":15,"column":4},"end":{"line":15,"column":43}}},"5":{"name":"(anonymous_5)","line":20,"loc":{"start":{"line":20,"column":37},"end":{"line":20,"column":67}}},"6":{"name":"(anonymous_6)","line":29,"loc":{"start":{"line":29,"column":36},"end":{"line":29,"column":60}}},"7":{"name":"(anonymous_7)","line":38,"loc":{"start":{"line":38,"column":36},"end":{"line":38,"column":66}}},"8":{"name":"(anonymous_8)","line":47,"loc":{"start":{"line":47,"column":39},"end":{"line":47,"column":63}}}},"statementMap":{"1":{"start":{"line":2,"column":0},"end":{"line":7,"column":2}},"2":{"start":{"line":3,"column":4},"end":{"line":3,"column":129}},"3":{"start":{"line":4,"column":4},"end":{"line":5,"column":150}},"4":{"start":{"line":4,"column":79},"end":{"line":4,"column":131}},"5":{"start":{"line":5,"column":9},"end":{"line":5,"column":150}},"6":{"start":{"line":5,"column":58},"end":{"line":5,"column":150}},"7":{"start":{"line":5,"column":81},"end":{"line":5,"column":150}},"8":{"start":{"line":6,"column":4},"end":{"line":6,"column":66}},"9":{"start":{"line":8,"column":0},"end":{"line":10,"column":2}},"10":{"start":{"line":9,"column":4},"end":{"line":9,"column":109}},"11":{"start":{"line":9,"column":79},"end":{"line":9,"column":109}},"12":{"start":{"line":11,"column":0},"end":{"line":11,"column":38}},"13":{"start":{"line":12,"column":0},"end":{"line":12,"column":38}},"14":{"start":{"line":13,"column":0},"end":{"line":13,"column":42}},"15":{"start":{"line":14,"column":0},"end":{"line":61,"column":5}},"16":{"start":{"line":15,"column":4},"end":{"line":19,"column":5}},"17":{"start":{"line":16,"column":8},"end":{"line":16,"column":25}},"18":{"start":{"line":17,"column":8},"end":{"line":17,"column":29}},"19":{"start":{"line":18,"column":8},"end":{"line":18,"column":61}},"20":{"start":{"line":20,"column":4},"end":{"line":28,"column":6}},"21":{"start":{"line":21,"column":8},"end":{"line":24,"column":9}},"22":{"start":{"line":22,"column":12},"end":{"line":22,"column":71}},"23":{"start":{"line":23,"column":12},"end":{"line":23,"column":54}},"24":{"start":{"line":25,"column":8},"end":{"line":25,"column":81}},"25":{"start":{"line":26,"column":8},"end":{"line":26,"column":66}},"26":{"start":{"line":27,"column":8},"end":{"line":27,"column":50}},"27":{"start":{"line":29,"column":4},"end":{"line":37,"column":6}},"28":{"start":{"line":30,"column":8},"end":{"line":33,"column":9}},"29":{"start":{"line":31,"column":12},"end":{"line":31,"column":71}},"30":{"start":{"line":32,"column":12},"end":{"line":32,"column":47}},"31":{"start":{"line":34,"column":8},"end":{"line":34,"column":81}},"32":{"start":{"line":35,"column":8},"end":{"line":35,"column":66}},"33":{"start":{"line":36,"column":8},"end":{"line":36,"column":43}},"34":{"start":{"line":38,"column":4},"end":{"line":46,"column":6}},"35":{"start":{"line":39,"column":8},"end":{"line":42,"column":9}},"36":{"start":{"line":40,"column":12},"end":{"line":40,"column":71}},"37":{"start":{"line":41,"column":12},"end":{"line":41,"column":53}},"38":{"start":{"line":43,"column":8},"end":{"line":43,"column":81}},"39":{"start":{"line":44,"column":8},"end":{"line":44,"column":66}},"40":{"start":{"line":45,"column":8},"end":{"line":45,"column":49}},"41":{"start":{"line":47,"column":4},"end":{"line":55,"column":6}},"42":{"start":{"line":48,"column":8},"end":{"line":51,"column":9}},"43":{"start":{"line":49,"column":12},"end":{"line":49,"column":71}},"44":{"start":{"line":50,"column":12},"end":{"line":50,"column":50}},"45":{"start":{"line":52,"column":8},"end":{"line":52,"column":81}},"46":{"start":{"line":53,"column":8},"end":{"line":53,"column":66}},"47":{"start":{"line":54,"column":8},"end":{"line":54,"column":46}},"48":{"start":{"line":56,"column":4},"end":{"line":59,"column":24}},"49":{"start":{"line":60,"column":4},"end":{"line":60,"column":27}},"50":{"start":{"line":62,"column":0},"end":{"line":62,"column":42}}},"branchMap":{"1":{"line":2,"type":"binary-expr","locations":[{"start":{"line":2,"column":18},"end":{"line":2,"column":22}},{"start":{"line":2,"column":26},"end":{"line":2,"column":41}},{"start":{"line":2,"column":46},"end":{"line":7,"column":1}}]},"2":{"line":3,"type":"cond-expr","locations":[{"start":{"line":3,"column":42},"end":{"line":3,"column":48}},{"start":{"line":3,"column":51},"end":{"line":3,"column":125}}]},"3":{"line":3,"type":"cond-expr","locations":[{"start":{"line":3,"column":67},"end":{"line":3,"column":118}},{"start":{"line":3,"column":121},"end":{"line":3,"column":125}}]},"4":{"line":4,"type":"if","locations":[{"start":{"line":4,"column":4},"end":{"line":4,"column":4}},{"start":{"line":4,"column":4},"end":{"line":4,"column":4}}]},"5":{"line":4,"type":"binary-expr","locations":[{"start":{"line":4,"column":8},"end":{"line":4,"column":35}},{"start":{"line":4,"column":39},"end":{"line":4,"column":77}}]},"6":{"line":5,"type":"if","locations":[{"start":{"line":5,"column":58},"end":{"line":5,"column":58}},{"start":{"line":5,"column":58},"end":{"line":5,"column":58}}]},"7":{"line":5,"type":"binary-expr","locations":[{"start":{"line":5,"column":86},"end":{"line":5,"column":143}},{"start":{"line":5,"column":148},"end":{"line":5,"column":149}}]},"8":{"line":5,"type":"cond-expr","locations":[{"start":{"line":5,"column":94},"end":{"line":5,"column":98}},{"start":{"line":5,"column":101},"end":{"line":5,"column":143}}]},"9":{"line":5,"type":"cond-expr","locations":[{"start":{"line":5,"column":109},"end":{"line":5,"column":126}},{"start":{"line":5,"column":129},"end":{"line":5,"column":143}}]},"10":{"line":6,"type":"binary-expr","locations":[{"start":{"line":6,"column":11},"end":{"line":6,"column":16}},{"start":{"line":6,"column":20},"end":{"line":6,"column":21}},{"start":{"line":6,"column":25},"end":{"line":6,"column":62}}]},"11":{"line":8,"type":"binary-expr","locations":[{"start":{"line":8,"column":18},"end":{"line":8,"column":22}},{"start":{"line":8,"column":26},"end":{"line":8,"column":41}},{"start":{"line":8,"column":46},"end":{"line":10,"column":1}}]},"12":{"line":9,"type":"if","locations":[{"start":{"line":9,"column":4},"end":{"line":9,"column":4}},{"start":{"line":9,"column":4},"end":{"line":9,"column":4}}]},"13":{"line":9,"type":"binary-expr","locations":[{"start":{"line":9,"column":8},"end":{"line":9,"column":35}},{"start":{"line":9,"column":39},"end":{"line":9,"column":77}}]},"14":{"line":21,"type":"if","locations":[{"start":{"line":21,"column":8},"end":{"line":21,"column":8}},{"start":{"line":21,"column":8},"end":{"line":21,"column":8}}]},"15":{"line":30,"type":"if","locations":[{"start":{"line":30,"column":8},"end":{"line":30,"column":8}},{"start":{"line":30,"column":8},"end":{"line":30,"column":8}}]},"16":{"line":39,"type":"if","locations":[{"start":{"line":39,"column":8},"end":{"line":39,"column":8}},{"start":{"line":39,"column":8},"end":{"line":39,"column":8}}]},"17":{"line":48,"type":"if","locations":[{"start":{"line":48,"column":8},"end":{"line":48,"column":8}},{"start":{"line":48,"column":8},"end":{"line":48,"column":8}}]}},"l":{"2":1,"3":1,"4":1,"5":2,"6":1,"8":1,"9":1,"11":1,"12":1,"13":1,"14":1,"15":1,"16":15,"17":15,"18":15,"20":1,"21":4,"22":4,"23":4,"25":0,"26":0,"27":0,"29":1,"30":4,"31":0,"32":0,"34":4,"35":4,"36":4,"38":1,"39":3,"40":3,"41":3,"43":0,"44":0,"45":0,"47":1,"48":4,"49":0,"50":0,"52":4,"53":4,"54":4,"56":1,"60":1,"62":1}},
"/Users/davidbastien/Documents/Capstone/Resto Touch/dist/dev/app/services/api-endpoint.service.js":{"path":"/Users/davidbastien/Documents/Capstone/Resto Touch/dist/dev/app/services/api-endpoint.service.js","s":{"1":1,"2":1,"3":1,"4":0,"5":1,"6":2,"7":2,"8":1,"9":1,"10":1,"11":1,"12":1,"13":1,"14":1,"15":15,"16":15,"17":15,"18":15,"19":15,"20":0,"21":1,"22":15,"23":1,"24":1,"25":1},"b":{"1":[1,1,1],"2":[1,0],"3":[0,0],"4":[0,1],"5":[1,1],"6":[2,0],"7":[2,1],"8":[2,0],"9":[0,0],"10":[1,0,0],"11":[1,1,1],"12":[1,0],"13":[1,1],"14":[15,0]},"f":{"1":1,"2":1,"3":1,"4":15,"5":15},"fnMap":{"1":{"name":"(anonymous_1)","line":2,"loc":{"start":{"line":2,"column":46},"end":{"line":2,"column":87}}},"2":{"name":"(anonymous_2)","line":8,"loc":{"start":{"line":8,"column":46},"end":{"line":8,"column":62}}},"3":{"name":"(anonymous_3)","line":12,"loc":{"start":{"line":12,"column":26},"end":{"line":12,"column":38}}},"4":{"name":"ApiEndpointService","line":13,"loc":{"start":{"line":13,"column":4},"end":{"line":13,"column":34}}},"5":{"name":"(anonymous_5)","line":24,"loc":{"start":{"line":24,"column":47},"end":{"line":24,"column":59}}}},"statementMap":{"1":{"start":{"line":2,"column":0},"end":{"line":7,"column":2}},"2":{"start":{"line":3,"column":4},"end":{"line":3,"column":129}},"3":{"start":{"line":4,"column":4},"end":{"line":5,"column":150}},"4":{"start":{"line":4,"column":79},"end":{"line":4,"column":131}},"5":{"start":{"line":5,"column":9},"end":{"line":5,"column":150}},"6":{"start":{"line":5,"column":58},"end":{"line":5,"column":150}},"7":{"start":{"line":5,"column":81},"end":{"line":5,"column":150}},"8":{"start":{"line":6,"column":4},"end":{"line":6,"column":66}},"9":{"start":{"line":8,"column":0},"end":{"line":10,"column":2}},"10":{"start":{"line":9,"column":4},"end":{"line":9,"column":109}},"11":{"start":{"line":9,"column":79},"end":{"line":9,"column":109}},"12":{"start":{"line":11,"column":0},"end":{"line":11,"column":38}},"13":{"start":{"line":12,"column":0},"end":{"line":32,"column":5}},"14":{"start":{"line":13,"column":4},"end":{"line":23,"column":5}},"15":{"start":{"line":14,"column":8},"end":{"line":14,"column":52}},"16":{"start":{"line":15,"column":8},"end":{"line":15,"column":25}},"17":{"start":{"line":16,"column":8},"end":{"line":16,"column":30}},"18":{"start":{"line":17,"column":8},"end":{"line":22,"column":9}},"19":{"start":{"line":18,"column":12},"end":{"line":18,"column":56}},"20":{"start":{"line":21,"column":12},"end":{"line":21,"column":34}},"21":{"start":{"line":24,"column":4},"end":{"line":26,"column":6}},"22":{"start":{"line":25,"column":8},"end":{"line":25,"column":32}},"23":{"start":{"line":27,"column":4},"end":{"line":30,"column":27}},"24":{"start":{"line":31,"column":4},"end":{"line":31,"column":30}},"25":{"start":{"line":33,"column":0},"end":{"line":33,"column":48}}},"branchMap":{"1":{"line":2,"type":"binary-expr","locations":[{"start":{"line":2,"column":18},"end":{"line":2,"column":22}},{"start":{"line":2,"column":26},"end":{"line":2,"column":41}},{"start":{"line":2,"column":46},"end":{"line":7,"column":1}}]},"2":{"line":3,"type":"cond-expr","locations":[{"start":{"line":3,"column":42},"end":{"line":3,"column":48}},{"start":{"line":3,"column":51},"end":{"line":3,"column":125}}]},"3":{"line":3,"type":"cond-expr","locations":[{"start":{"line":3,"column":67},"end":{"line":3,"column":118}},{"start":{"line":3,"column":121},"end":{"line":3,"column":125}}]},"4":{"line":4,"type":"if","locations":[{"start":{"line":4,"column":4},"end":{"line":4,"column":4}},{"start":{"line":4,"column":4},"end":{"line":4,"column":4}}]},"5":{"line":4,"type":"binary-expr","locations":[{"start":{"line":4,"column":8},"end":{"line":4,"column":35}},{"start":{"line":4,"column":39},"end":{"line":4,"column":77}}]},"6":{"line":5,"type":"if","locations":[{"start":{"line":5,"column":58},"end":{"line":5,"column":58}},{"start":{"line":5,"column":58},"end":{"line":5,"column":58}}]},"7":{"line":5,"type":"binary-expr","locations":[{"start":{"line":5,"column":86},"end":{"line":5,"column":143}},{"start":{"line":5,"column":148},"end":{"line":5,"column":149}}]},"8":{"line":5,"type":"cond-expr","locations":[{"start":{"line":5,"column":94},"end":{"line":5,"column":98}},{"start":{"line":5,"column":101},"end":{"line":5,"column":143}}]},"9":{"line":5,"type":"cond-expr","locations":[{"start":{"line":5,"column":109},"end":{"line":5,"column":126}},{"start":{"line":5,"column":129},"end":{"line":5,"column":143}}]},"10":{"line":6,"type":"binary-expr","locations":[{"start":{"line":6,"column":11},"end":{"line":6,"column":16}},{"start":{"line":6,"column":20},"end":{"line":6,"column":21}},{"start":{"line":6,"column":25},"end":{"line":6,"column":62}}]},"11":{"line":8,"type":"binary-expr","locations":[{"start":{"line":8,"column":18},"end":{"line":8,"column":22}},{"start":{"line":8,"column":26},"end":{"line":8,"column":41}},{"start":{"line":8,"column":46},"end":{"line":10,"column":1}}]},"12":{"line":9,"type":"if","locations":[{"start":{"line":9,"column":4},"end":{"line":9,"column":4}},{"start":{"line":9,"column":4},"end":{"line":9,"column":4}}]},"13":{"line":9,"type":"binary-expr","locations":[{"start":{"line":9,"column":8},"end":{"line":9,"column":35}},{"start":{"line":9,"column":39},"end":{"line":9,"column":77}}]},"14":{"line":17,"type":"if","locations":[{"start":{"line":17,"column":8},"end":{"line":17,"column":8}},{"start":{"line":17,"column":8},"end":{"line":17,"column":8}}]}},"l":{"2":1,"3":1,"4":1,"5":2,"6":1,"8":1,"9":1,"11":1,"12":1,"13":1,"14":15,"15":15,"16":15,"17":15,"18":15,"21":0,"24":1,"25":15,"27":1,"31":1,"33":1}},
"/Users/davidbastien/Documents/Capstone/Resto Touch/dist/dev/app/dashboard/menu-list/menu-list.service.js":{"path":"/Users/davidbastien/Documents/Capstone/Resto Touch/dist/dev/app/dashboard/menu-list/menu-list.service.js","s":{"1":1,"2":1,"3":1,"4":0,"5":1,"6":2,"7":2,"8":1,"9":1,"10":1,"11":1,"12":1,"13":1,"14":1,"15":1,"16":1,"17":1,"18":1,"19":2,"20":2,"21":2,"22":1,"23":1,"24":1,"25":1,"26":1,"27":1,"28":1,"29":1,"30":1,"31":2,"32":2,"33":1,"34":0,"35":0,"36":0,"37":1,"38":1,"39":1},"b":{"1":[1,1,1],"2":[1,0],"3":[0,0],"4":[0,1],"5":[1,1],"6":[2,0],"7":[2,1],"8":[2,0],"9":[0,0],"10":[1,0,0],"11":[1,1,1],"12":[1,0],"13":[1,1],"14":[2,0],"15":[0,0],"16":[0,0]},"f":{"1":1,"2":1,"3":1,"4":2,"5":1,"6":1,"7":2,"8":0},"fnMap":{"1":{"name":"(anonymous_1)","line":2,"loc":{"start":{"line":2,"column":46},"end":{"line":2,"column":87}}},"2":{"name":"(anonymous_2)","line":8,"loc":{"start":{"line":8,"column":46},"end":{"line":8,"column":62}}},"3":{"name":"(anonymous_3)","line":16,"loc":{"start":{"line":16,"column":23},"end":{"line":16,"column":35}}},"4":{"name":"MenuListService","line":17,"loc":{"start":{"line":17,"column":4},"end":{"line":17,"column":40}}},"5":{"name":"(anonymous_5)","line":22,"loc":{"start":{"line":22,"column":50},"end":{"line":22,"column":82}}},"6":{"name":"(anonymous_6)","line":34,"loc":{"start":{"line":34,"column":53},"end":{"line":34,"column":85}}},"7":{"name":"(anonymous_7)","line":39,"loc":{"start":{"line":39,"column":44},"end":{"line":39,"column":59}}},"8":{"name":"(anonymous_8)","line":43,"loc":{"start":{"line":43,"column":44},"end":{"line":43,"column":61}}}},"statementMap":{"1":{"start":{"line":2,"column":0},"end":{"line":7,"column":2}},"2":{"start":{"line":3,"column":4},"end":{"line":3,"column":129}},"3":{"start":{"line":4,"column":4},"end":{"line":5,"column":150}},"4":{"start":{"line":4,"column":79},"end":{"line":4,"column":131}},"5":{"start":{"line":5,"column":9},"end":{"line":5,"column":150}},"6":{"start":{"line":5,"column":58},"end":{"line":5,"column":150}},"7":{"start":{"line":5,"column":81},"end":{"line":5,"column":150}},"8":{"start":{"line":6,"column":4},"end":{"line":6,"column":66}},"9":{"start":{"line":8,"column":0},"end":{"line":10,"column":2}},"10":{"start":{"line":9,"column":4},"end":{"line":9,"column":109}},"11":{"start":{"line":9,"column":79},"end":{"line":9,"column":109}},"12":{"start":{"line":11,"column":0},"end":{"line":11,"column":38}},"13":{"start":{"line":12,"column":0},"end":{"line":12,"column":38}},"14":{"start":{"line":13,"column":0},"end":{"line":13,"column":72}},"15":{"start":{"line":14,"column":0},"end":{"line":14,"column":46}},"16":{"start":{"line":15,"column":0},"end":{"line":15,"column":76}},"17":{"start":{"line":16,"column":0},"end":{"line":54,"column":5}},"18":{"start":{"line":17,"column":4},"end":{"line":21,"column":5}},"19":{"start":{"line":18,"column":8},"end":{"line":18,"column":25}},"20":{"start":{"line":19,"column":8},"end":{"line":19,"column":23}},"21":{"start":{"line":20,"column":8},"end":{"line":20,"column":37}},"22":{"start":{"line":22,"column":4},"end":{"line":33,"column":6}},"23":{"start":{"line":23,"column":8},"end":{"line":26,"column":10}},"24":{"start":{"line":27,"column":8},"end":{"line":27,"column":50}},"25":{"start":{"line":28,"column":8},"end":{"line":28,"column":81}},"26":{"start":{"line":29,"column":8},"end":{"line":29,"column":70}},"27":{"start":{"line":30,"column":8},"end":{"line":32,"column":37}},"28":{"start":{"line":34,"column":4},"end":{"line":38,"column":6}},"29":{"start":{"line":35,"column":8},"end":{"line":37,"column":37}},"30":{"start":{"line":39,"column":4},"end":{"line":42,"column":6}},"31":{"start":{"line":40,"column":8},"end":{"line":40,"column":30}},"32":{"start":{"line":41,"column":8},"end":{"line":41,"column":26}},"33":{"start":{"line":43,"column":4},"end":{"line":48,"column":6}},"34":{"start":{"line":44,"column":8},"end":{"line":45,"column":84}},"35":{"start":{"line":46,"column":8},"end":{"line":46,"column":30}},"36":{"start":{"line":47,"column":8},"end":{"line":47,"column":53}},"37":{"start":{"line":49,"column":4},"end":{"line":52,"column":24}},"38":{"start":{"line":53,"column":4},"end":{"line":53,"column":27}},"39":{"start":{"line":55,"column":0},"end":{"line":55,"column":42}}},"branchMap":{"1":{"line":2,"type":"binary-expr","locations":[{"start":{"line":2,"column":18},"end":{"line":2,"column":22}},{"start":{"line":2,"column":26},"end":{"line":2,"column":41}},{"start":{"line":2,"column":46},"end":{"line":7,"column":1}}]},"2":{"line":3,"type":"cond-expr","locations":[{"start":{"line":3,"column":42},"end":{"line":3,"column":48}},{"start":{"line":3,"column":51},"end":{"line":3,"column":125}}]},"3":{"line":3,"type":"cond-expr","locations":[{"start":{"line":3,"column":67},"end":{"line":3,"column":118}},{"start":{"line":3,"column":121},"end":{"line":3,"column":125}}]},"4":{"line":4,"type":"if","locations":[{"start":{"line":4,"column":4},"end":{"line":4,"column":4}},{"start":{"line":4,"column":4},"end":{"line":4,"column":4}}]},"5":{"line":4,"type":"binary-expr","locations":[{"start":{"line":4,"column":8},"end":{"line":4,"column":35}},{"start":{"line":4,"column":39},"end":{"line":4,"column":77}}]},"6":{"line":5,"type":"if","locations":[{"start":{"line":5,"column":58},"end":{"line":5,"column":58}},{"start":{"line":5,"column":58},"end":{"line":5,"column":58}}]},"7":{"line":5,"type":"binary-expr","locations":[{"start":{"line":5,"column":86},"end":{"line":5,"column":143}},{"start":{"line":5,"column":148},"end":{"line":5,"column":149}}]},"8":{"line":5,"type":"cond-expr","locations":[{"start":{"line":5,"column":94},"end":{"line":5,"column":98}},{"start":{"line":5,"column":101},"end":{"line":5,"column":143}}]},"9":{"line":5,"type":"cond-expr","locations":[{"start":{"line":5,"column":109},"end":{"line":5,"column":126}},{"start":{"line":5,"column":129},"end":{"line":5,"column":143}}]},"10":{"line":6,"type":"binary-expr","locations":[{"start":{"line":6,"column":11},"end":{"line":6,"column":16}},{"start":{"line":6,"column":20},"end":{"line":6,"column":21}},{"start":{"line":6,"column":25},"end":{"line":6,"column":62}}]},"11":{"line":8,"type":"binary-expr","locations":[{"start":{"line":8,"column":18},"end":{"line":8,"column":22}},{"start":{"line":8,"column":26},"end":{"line":8,"column":41}},{"start":{"line":8,"column":46},"end":{"line":10,"column":1}}]},"12":{"line":9,"type":"if","locations":[{"start":{"line":9,"column":4},"end":{"line":9,"column":4}},{"start":{"line":9,"column":4},"end":{"line":9,"column":4}}]},"13":{"line":9,"type":"binary-expr","locations":[{"start":{"line":9,"column":8},"end":{"line":9,"column":35}},{"start":{"line":9,"column":39},"end":{"line":9,"column":77}}]},"14":{"line":41,"type":"binary-expr","locations":[{"start":{"line":41,"column":15},"end":{"line":41,"column":19}},{"start":{"line":41,"column":23},"end":{"line":41,"column":25}}]},"15":{"line":44,"type":"cond-expr","locations":[{"start":{"line":44,"column":39},"end":{"line":44,"column":52}},{"start":{"line":45,"column":12},"end":{"line":45,"column":83}}]},"16":{"line":45,"type":"cond-expr","locations":[{"start":{"line":45,"column":27},"end":{"line":45,"column":66}},{"start":{"line":45,"column":69},"end":{"line":45,"column":83}}]}},"l":{"2":1,"3":1,"4":1,"5":2,"6":1,"8":1,"9":1,"11":1,"12":1,"13":1,"14":1,"15":1,"16":1,"17":1,"18":2,"19":2,"20":2,"22":1,"23":1,"27":1,"28":1,"29":1,"30":1,"34":1,"35":1,"39":1,"40":2,"41":2,"43":1,"44":0,"46":0,"47":0,"49":1,"53":1,"55":1}},
"/Users/davidbastien/Documents/Capstone/Resto Touch/dist/dev/app/dashboard/menu/menu.service.js":{"path":"/Users/davidbastien/Documents/Capstone/Resto Touch/dist/dev/app/dashboard/menu/menu.service.js","s":{"1":1,"2":1,"3":1,"4":0,"5":1,"6":2,"7":2,"8":1,"9":1,"10":1,"11":1,"12":1,"13":1,"14":1,"15":1,"16":1,"17":1,"18":1,"19":5,"20":5,"21":5,"22":1,"23":1,"24":1,"25":1,"26":1,"27":1,"28":1,"29":1,"30":1,"31":1,"32":1,"33":1,"34":1,"35":1,"36":1,"37":1,"38":1,"39":1,"40":1,"41":5,"42":5,"43":1,"44":0,"45":0,"46":0,"47":1,"48":1,"49":1},"b":{"1":[1,1,1],"2":[1,0],"3":[0,0],"4":[0,1],"5":[1,1],"6":[2,0],"7":[2,1],"8":[2,0],"9":[0,0],"10":[1,0,0],"11":[1,1,1],"12":[1,0],"13":[1,1],"14":[5,0],"15":[0,0],"16":[0,0]},"f":{"1":1,"2":1,"3":1,"4":5,"5":1,"6":1,"7":1,"8":1,"9":1,"10":1,"11":5,"12":0},"fnMap":{"1":{"name":"(anonymous_1)","line":2,"loc":{"start":{"line":2,"column":46},"end":{"line":2,"column":87}}},"2":{"name":"(anonymous_2)","line":8,"loc":{"start":{"line":8,"column":46},"end":{"line":8,"column":62}}},"3":{"name":"(anonymous_3)","line":16,"loc":{"start":{"line":16,"column":19},"end":{"line":16,"column":31}}},"4":{"name":"MenuService","line":17,"loc":{"start":{"line":17,"column":4},"end":{"line":17,"column":36}}},"5":{"name":"(anonymous_5)","line":22,"loc":{"start":{"line":22,"column":36},"end":{"line":22,"column":54}}},"6":{"name":"(anonymous_6)","line":27,"loc":{"start":{"line":27,"column":37},"end":{"line":27,"column":49}}},"7":{"name":"(anonymous_7)","line":30,"loc":{"start":{"line":30,"column":17},"end":{"line":30,"column":37}}},"8":{"name":"(anonymous_8)","line":33,"loc":{"start":{"line":33,"column":36},"end":{"line":33,"column":52}}},"9":{"name":"(anonymous_9)","line":41,"loc":{"start":{"line":41,"column":39},"end":{"line":41,"column":55}}},"10":{"name":"(anonymous_10)","line":49,"loc":{"start":{"line":49,"column":39},"end":{"line":49,"column":55}}},"11":{"name":"(anonymous_11)","line":54,"loc":{"start":{"line":54,"column":40},"end":{"line":54,"column":55}}},"12":{"name":"(anonymous_12)","line":58,"loc":{"start":{"line":58,"column":40},"end":{"line":58,"column":57}}}},"statementMap":{"1":{"start":{"line":2,"column":0},"end":{"line":7,"column":2}},"2":{"start":{"line":3,"column":4},"end":{"line":3,"column":129}},"3":{"start":{"line":4,"column":4},"end":{"line":5,"column":150}},"4":{"start":{"line":4,"column":79},"end":{"line":4,"column":131}},"5":{"start":{"line":5,"column":9},"end":{"line":5,"column":150}},"6":{"start":{"line":5,"column":58},"end":{"line":5,"column":150}},"7":{"start":{"line":5,"column":81},"end":{"line":5,"column":150}},"8":{"start":{"line":6,"column":4},"end":{"line":6,"column":66}},"9":{"start":{"line":8,"column":0},"end":{"line":10,"column":2}},"10":{"start":{"line":9,"column":4},"end":{"line":9,"column":109}},"11":{"start":{"line":9,"column":79},"end":{"line":9,"column":109}},"12":{"start":{"line":11,"column":0},"end":{"line":11,"column":38}},"13":{"start":{"line":12,"column":0},"end":{"line":12,"column":38}},"14":{"start":{"line":13,"column":0},"end":{"line":13,"column":72}},"15":{"start":{"line":14,"column":0},"end":{"line":14,"column":46}},"16":{"start":{"line":15,"column":0},"end":{"line":15,"column":76}},"17":{"start":{"line":16,"column":0},"end":{"line":69,"column":5}},"18":{"start":{"line":17,"column":4},"end":{"line":21,"column":5}},"19":{"start":{"line":18,"column":8},"end":{"line":18,"column":25}},"20":{"start":{"line":19,"column":8},"end":{"line":19,"column":23}},"21":{"start":{"line":20,"column":8},"end":{"line":20,"column":27}},"22":{"start":{"line":22,"column":4},"end":{"line":26,"column":6}},"23":{"start":{"line":23,"column":8},"end":{"line":25,"column":37}},"24":{"start":{"line":27,"column":4},"end":{"line":32,"column":6}},"25":{"start":{"line":28,"column":8},"end":{"line":28,"column":25}},"26":{"start":{"line":29,"column":8},"end":{"line":31,"column":37}},"27":{"start":{"line":30,"column":39},"end":{"line":30,"column":80}},"28":{"start":{"line":33,"column":4},"end":{"line":40,"column":6}},"29":{"start":{"line":34,"column":8},"end":{"line":34,"column":40}},"30":{"start":{"line":35,"column":8},"end":{"line":35,"column":81}},"31":{"start":{"line":36,"column":8},"end":{"line":36,"column":70}},"32":{"start":{"line":37,"column":8},"end":{"line":39,"column":37}},"33":{"start":{"line":41,"column":4},"end":{"line":48,"column":6}},"34":{"start":{"line":42,"column":8},"end":{"line":42,"column":40}},"35":{"start":{"line":43,"column":8},"end":{"line":43,"column":81}},"36":{"start":{"line":44,"column":8},"end":{"line":44,"column":70}},"37":{"start":{"line":45,"column":8},"end":{"line":47,"column":37}},"38":{"start":{"line":49,"column":4},"end":{"line":53,"column":6}},"39":{"start":{"line":50,"column":8},"end":{"line":52,"column":37}},"40":{"start":{"line":54,"column":4},"end":{"line":57,"column":6}},"41":{"start":{"line":55,"column":8},"end":{"line":55,"column":30}},"42":{"start":{"line":56,"column":8},"end":{"line":56,"column":26}},"43":{"start":{"line":58,"column":4},"end":{"line":63,"column":6}},"44":{"start":{"line":59,"column":8},"end":{"line":60,"column":84}},"45":{"start":{"line":61,"column":8},"end":{"line":61,"column":30}},"46":{"start":{"line":62,"column":8},"end":{"line":62,"column":53}},"47":{"start":{"line":64,"column":4},"end":{"line":67,"column":20}},"48":{"start":{"line":68,"column":4},"end":{"line":68,"column":23}},"49":{"start":{"line":70,"column":0},"end":{"line":70,"column":34}}},"branchMap":{"1":{"line":2,"type":"binary-expr","locations":[{"start":{"line":2,"column":18},"end":{"line":2,"column":22}},{"start":{"line":2,"column":26},"end":{"line":2,"column":41}},{"start":{"line":2,"column":46},"end":{"line":7,"column":1}}]},"2":{"line":3,"type":"cond-expr","locations":[{"start":{"line":3,"column":42},"end":{"line":3,"column":48}},{"start":{"line":3,"column":51},"end":{"line":3,"column":125}}]},"3":{"line":3,"type":"cond-expr","locations":[{"start":{"line":3,"column":67},"end":{"line":3,"column":118}},{"start":{"line":3,"column":121},"end":{"line":3,"column":125}}]},"4":{"line":4,"type":"if","locations":[{"start":{"line":4,"column":4},"end":{"line":4,"column":4}},{"start":{"line":4,"column":4},"end":{"line":4,"column":4}}]},"5":{"line":4,"type":"binary-expr","locations":[{"start":{"line":4,"column":8},"end":{"line":4,"column":35}},{"start":{"line":4,"column":39},"end":{"line":4,"column":77}}]},"6":{"line":5,"type":"if","locations":[{"start":{"line":5,"column":58},"end":{"line":5,"column":58}},{"start":{"line":5,"column":58},"end":{"line":5,"column":58}}]},"7":{"line":5,"type":"binary-expr","locations":[{"start":{"line":5,"column":86},"end":{"line":5,"column":143}},{"start":{"line":5,"column":148},"end":{"line":5,"column":149}}]},"8":{"line":5,"type":"cond-expr","locations":[{"start":{"line":5,"column":94},"end":{"line":5,"column":98}},{"start":{"line":5,"column":101},"end":{"line":5,"column":143}}]},"9":{"line":5,"type":"cond-expr","locations":[{"start":{"line":5,"column":109},"end":{"line":5,"column":126}},{"start":{"line":5,"column":129},"end":{"line":5,"column":143}}]},"10":{"line":6,"type":"binary-expr","locations":[{"start":{"line":6,"column":11},"end":{"line":6,"column":16}},{"start":{"line":6,"column":20},"end":{"line":6,"column":21}},{"start":{"line":6,"column":25},"end":{"line":6,"column":62}}]},"11":{"line":8,"type":"binary-expr","locations":[{"start":{"line":8,"column":18},"end":{"line":8,"column":22}},{"start":{"line":8,"column":26},"end":{"line":8,"column":41}},{"start":{"line":8,"column":46},"end":{"line":10,"column":1}}]},"12":{"line":9,"type":"if","locations":[{"start":{"line":9,"column":4},"end":{"line":9,"column":4}},{"start":{"line":9,"column":4},"end":{"line":9,"column":4}}]},"13":{"line":9,"type":"binary-expr","locations":[{"start":{"line":9,"column":8},"end":{"line":9,"column":35}},{"start":{"line":9,"column":39},"end":{"line":9,"column":77}}]},"14":{"line":56,"type":"binary-expr","locations":[{"start":{"line":56,"column":15},"end":{"line":56,"column":19}},{"start":{"line":56,"column":23},"end":{"line":56,"column":25}}]},"15":{"line":59,"type":"cond-expr","locations":[{"start":{"line":59,"column":39},"end":{"line":59,"column":52}},{"start":{"line":60,"column":12},"end":{"line":60,"column":83}}]},"16":{"line":60,"type":"cond-expr","locations":[{"start":{"line":60,"column":27},"end":{"line":60,"column":66}},{"start":{"line":60,"column":69},"end":{"line":60,"column":83}}]}},"l":{"2":1,"3":1,"4":1,"5":2,"6":1,"8":1,"9":1,"11":1,"12":1,"13":1,"14":1,"15":1,"16":1,"17":1,"18":5,"19":5,"20":5,"22":1,"23":1,"27":1,"28":1,"29":1,"30":1,"33":1,"34":1,"35":1,"36":1,"37":1,"41":1,"42":1,"43":1,"44":1,"45":1,"49":1,"50":1,"54":1,"55":5,"56":5,"58":1,"59":0,"61":0,"62":0,"64":1,"68":1,"70":1}},
"/Users/davidbastien/Documents/Capstone/Resto Touch/dist/dev/app/shared/models/menu.js":{"path":"/Users/davidbastien/Documents/Capstone/Resto Touch/dist/dev/app/shared/models/menu.js","s":{"1":1,"2":1,"3":3,"4":3,"5":3,"6":3,"7":1,"8":1,"9":1,"10":1,"11":3,"12":3,"13":1,"14":1},"b":{},"f":{"1":1,"2":3,"3":1,"4":3},"fnMap":{"1":{"name":"(anonymous_1)","line":2,"loc":{"start":{"line":2,"column":12},"end":{"line":2,"column":24}}},"2":{"name":"Menu","line":3,"loc":{"start":{"line":3,"column":4},"end":{"line":3,"column":77}}},"3":{"name":"(anonymous_3)","line":12,"loc":{"start":{"line":12,"column":24},"end":{"line":12,"column":36}}},"4":{"name":"MenuTranslations","line":13,"loc":{"start":{"line":13,"column":4},"end":{"line":13,"column":50}}}},"statementMap":{"1":{"start":{"line":2,"column":0},"end":{"line":10,"column":5}},"2":{"start":{"line":3,"column":4},"end":{"line":8,"column":5}},"3":{"start":{"line":4,"column":8},"end":{"line":4,"column":53}},"4":{"start":{"line":5,"column":8},"end":{"line":5,"column":41}},"5":{"start":{"line":6,"column":8},"end":{"line":6,"column":55}},"6":{"start":{"line":7,"column":8},"end":{"line":7,"column":21}},"7":{"start":{"line":9,"column":4},"end":{"line":9,"column":16}},"8":{"start":{"line":11,"column":0},"end":{"line":11,"column":20}},"9":{"start":{"line":12,"column":0},"end":{"line":18,"column":5}},"10":{"start":{"line":13,"column":4},"end":{"line":16,"column":5}},"11":{"start":{"line":14,"column":8},"end":{"line":14,"column":25}},"12":{"start":{"line":15,"column":8},"end":{"line":15,"column":41}},"13":{"start":{"line":17,"column":4},"end":{"line":17,"column":28}},"14":{"start":{"line":19,"column":0},"end":{"line":19,"column":44}}},"branchMap":{},"l":{"2":1,"3":1,"4":3,"5":3,"6":3,"7":3,"9":1,"11":1,"12":1,"13":1,"14":3,"15":3,"17":1,"19":1}},
"/Users/davidbastien/Documents/Capstone/Resto Touch/dist/dev/app/dashboard/restaurant/restaurant.service.js":{"path":"/Users/davidbastien/Documents/Capstone/Resto Touch/dist/dev/app/dashboard/restaurant/restaurant.service.js","s":{"1":1,"2":1,"3":1,"4":0,"5":1,"6":2,"7":2,"8":1,"9":1,"10":1,"11":1,"12":1,"13":1,"14":1,"15":1,"16":1,"17":1,"18":1,"19":5,"20":5,"21":5,"22":1,"23":1,"24":1,"25":1,"26":1,"27":1,"28":1,"29":1,"30":1,"31":1,"32":1,"33":1,"34":1,"35":1,"36":1,"37":1,"38":1,"39":1,"40":1,"41":1,"42":5,"43":5,"44":1,"45":0,"46":0,"47":0,"48":1,"49":1,"50":1},"b":{"1":[1,1,1],"2":[1,0],"3":[0,0],"4":[0,1],"5":[1,1],"6":[2,0],"7":[2,1],"8":[2,0],"9":[0,0],"10":[1,0,0],"11":[1,1,1],"12":[1,0],"13":[1,1],"14":[5,0],"15":[0,0],"16":[0,0]},"f":{"1":1,"2":1,"3":1,"4":5,"5":1,"6":1,"7":1,"8":1,"9":1,"10":1,"11":5,"12":0},"fnMap":{"1":{"name":"(anonymous_1)","line":2,"loc":{"start":{"line":2,"column":46},"end":{"line":2,"column":87}}},"2":{"name":"(anonymous_2)","line":8,"loc":{"start":{"line":8,"column":46},"end":{"line":8,"column":62}}},"3":{"name":"(anonymous_3)","line":16,"loc":{"start":{"line":16,"column":25},"end":{"line":16,"column":37}}},"4":{"name":"RestaurantService","line":17,"loc":{"start":{"line":17,"column":4},"end":{"line":17,"column":42}}},"5":{"name":"(anonymous_5)","line":22,"loc":{"start":{"line":22,"column":48},"end":{"line":22,"column":62}}},"6":{"name":"(anonymous_6)","line":27,"loc":{"start":{"line":27,"column":49},"end":{"line":27,"column":61}}},"7":{"name":"(anonymous_7)","line":30,"loc":{"start":{"line":30,"column":17},"end":{"line":30,"column":37}}},"8":{"name":"(anonymous_8)","line":33,"loc":{"start":{"line":33,"column":48},"end":{"line":33,"column":70}}},"9":{"name":"(anonymous_9)","line":41,"loc":{"start":{"line":41,"column":51},"end":{"line":41,"column":73}}},"10":{"name":"(anonymous_10)","line":50,"loc":{"start":{"line":50,"column":51},"end":{"line":50,"column":73}}},"11":{"name":"(anonymous_11)","line":55,"loc":{"start":{"line":55,"column":46},"end":{"line":55,"column":61}}},"12":{"name":"(anonymous_12)","line":59,"loc":{"start":{"line":59,"column":46},"end":{"line":59,"column":63}}}},"statementMap":{"1":{"start":{"line":2,"column":0},"end":{"line":7,"column":2}},"2":{"start":{"line":3,"column":4},"end":{"line":3,"column":129}},"3":{"start":{"line":4,"column":4},"end":{"line":5,"column":150}},"4":{"start":{"line":4,"column":79},"end":{"line":4,"column":131}},"5":{"start":{"line":5,"column":9},"end":{"line":5,"column":150}},"6":{"start":{"line":5,"column":58},"end":{"line":5,"column":150}},"7":{"start":{"line":5,"column":81},"end":{"line":5,"column":150}},"8":{"start":{"line":6,"column":4},"end":{"line":6,"column":66}},"9":{"start":{"line":8,"column":0},"end":{"line":10,"column":2}},"10":{"start":{"line":9,"column":4},"end":{"line":9,"column":109}},"11":{"start":{"line":9,"column":79},"end":{"line":9,"column":109}},"12":{"start":{"line":11,"column":0},"end":{"line":11,"column":38}},"13":{"start":{"line":12,"column":0},"end":{"line":12,"column":38}},"14":{"start":{"line":13,"column":0},"end":{"line":13,"column":72}},"15":{"start":{"line":14,"column":0},"end":{"line":14,"column":46}},"16":{"start":{"line":15,"column":0},"end":{"line":15,"column":76}},"17":{"start":{"line":16,"column":0},"end":{"line":70,"column":5}},"18":{"start":{"line":17,"column":4},"end":{"line":21,"column":5}},"19":{"start":{"line":18,"column":8},"end":{"line":18,"column":25}},"20":{"start":{"line":19,"column":8},"end":{"line":19,"column":23}},"21":{"start":{"line":20,"column":8},"end":{"line":20,"column":33}},"22":{"start":{"line":22,"column":4},"end":{"line":26,"column":6}},"23":{"start":{"line":23,"column":8},"end":{"line":25,"column":37}},"24":{"start":{"line":27,"column":4},"end":{"line":32,"column":6}},"25":{"start":{"line":28,"column":8},"end":{"line":28,"column":25}},"26":{"start":{"line":29,"column":8},"end":{"line":31,"column":37}},"27":{"start":{"line":30,"column":39},"end":{"line":30,"column":86}},"28":{"start":{"line":33,"column":4},"end":{"line":40,"column":6}},"29":{"start":{"line":34,"column":8},"end":{"line":34,"column":46}},"30":{"start":{"line":35,"column":8},"end":{"line":35,"column":81}},"31":{"start":{"line":36,"column":8},"end":{"line":36,"column":70}},"32":{"start":{"line":37,"column":8},"end":{"line":39,"column":37}},"33":{"start":{"line":41,"column":4},"end":{"line":49,"column":6}},"34":{"start":{"line":42,"column":8},"end":{"line":42,"column":46}},"35":{"start":{"line":43,"column":8},"end":{"line":43,"column":81}},"36":{"start":{"line":44,"column":8},"end":{"line":44,"column":70}},"37":{"start":{"line":45,"column":8},"end":{"line":45,"column":26}},"38":{"start":{"line":46,"column":8},"end":{"line":48,"column":37}},"39":{"start":{"line":50,"column":4},"end":{"line":54,"column":6}},"40":{"start":{"line":51,"column":8},"end":{"line":53,"column":37}},"41":{"start":{"line":55,"column":4},"end":{"line":58,"column":6}},"42":{"start":{"line":56,"column":8},"end":{"line":56,"column":30}},"43":{"start":{"line":57,"column":8},"end":{"line":57,"column":26}},"44":{"start":{"line":59,"column":4},"end":{"line":64,"column":6}},"45":{"start":{"line":60,"column":8},"end":{"line":61,"column":84}},"46":{"start":{"line":62,"column":8},"end":{"line":62,"column":30}},"47":{"start":{"line":63,"column":8},"end":{"line":63,"column":53}},"48":{"start":{"line":65,"column":4},"end":{"line":68,"column":26}},"49":{"start":{"line":69,"column":4},"end":{"line":69,"column":29}},"50":{"start":{"line":71,"column":0},"end":{"line":71,"column":46}}},"branchMap":{"1":{"line":2,"type":"binary-expr","locations":[{"start":{"line":2,"column":18},"end":{"line":2,"column":22}},{"start":{"line":2,"column":26},"end":{"line":2,"column":41}},{"start":{"line":2,"column":46},"end":{"line":7,"column":1}}]},"2":{"line":3,"type":"cond-expr","locations":[{"start":{"line":3,"column":42},"end":{"line":3,"column":48}},{"start":{"line":3,"column":51},"end":{"line":3,"column":125}}]},"3":{"line":3,"type":"cond-expr","locations":[{"start":{"line":3,"column":67},"end":{"line":3,"column":118}},{"start":{"line":3,"column":121},"end":{"line":3,"column":125}}]},"4":{"line":4,"type":"if","locations":[{"start":{"line":4,"column":4},"end":{"line":4,"column":4}},{"start":{"line":4,"column":4},"end":{"line":4,"column":4}}]},"5":{"line":4,"type":"binary-expr","locations":[{"start":{"line":4,"column":8},"end":{"line":4,"column":35}},{"start":{"line":4,"column":39},"end":{"line":4,"column":77}}]},"6":{"line":5,"type":"if","locations":[{"start":{"line":5,"column":58},"end":{"line":5,"column":58}},{"start":{"line":5,"column":58},"end":{"line":5,"column":58}}]},"7":{"line":5,"type":"binary-expr","locations":[{"start":{"line":5,"column":86},"end":{"line":5,"column":143}},{"start":{"line":5,"column":148},"end":{"line":5,"column":149}}]},"8":{"line":5,"type":"cond-expr","locations":[{"start":{"line":5,"column":94},"end":{"line":5,"column":98}},{"start":{"line":5,"column":101},"end":{"line":5,"column":143}}]},"9":{"line":5,"type":"cond-expr","locations":[{"start":{"line":5,"column":109},"end":{"line":5,"column":126}},{"start":{"line":5,"column":129},"end":{"line":5,"column":143}}]},"10":{"line":6,"type":"binary-expr","locations":[{"start":{"line":6,"column":11},"end":{"line":6,"column":16}},{"start":{"line":6,"column":20},"end":{"line":6,"column":21}},{"start":{"line":6,"column":25},"end":{"line":6,"column":62}}]},"11":{"line":8,"type":"binary-expr","locations":[{"start":{"line":8,"column":18},"end":{"line":8,"column":22}},{"start":{"line":8,"column":26},"end":{"line":8,"column":41}},{"start":{"line":8,"column":46},"end":{"line":10,"column":1}}]},"12":{"line":9,"type":"if","locations":[{"start":{"line":9,"column":4},"end":{"line":9,"column":4}},{"start":{"line":9,"column":4},"end":{"line":9,"column":4}}]},"13":{"line":9,"type":"binary-expr","locations":[{"start":{"line":9,"column":8},"end":{"line":9,"column":35}},{"start":{"line":9,"column":39},"end":{"line":9,"column":77}}]},"14":{"line":57,"type":"binary-expr","locations":[{"start":{"line":57,"column":15},"end":{"line":57,"column":19}},{"start":{"line":57,"column":23},"end":{"line":57,"column":25}}]},"15":{"line":60,"type":"cond-expr","locations":[{"start":{"line":60,"column":39},"end":{"line":60,"column":52}},{"start":{"line":61,"column":12},"end":{"line":61,"column":83}}]},"16":{"line":61,"type":"cond-expr","locations":[{"start":{"line":61,"column":27},"end":{"line":61,"column":66}},{"start":{"line":61,"column":69},"end":{"line":61,"column":83}}]}},"l":{"2":1,"3":1,"4":1,"5":2,"6":1,"8":1,"9":1,"11":1,"12":1,"13":1,"14":1,"15":1,"16":1,"17":1,"18":5,"19":5,"20":5,"22":1,"23":1,"27":1,"28":1,"29":1,"30":1,"33":1,"34":1,"35":1,"36":1,"37":1,"41":1,"42":1,"43":1,"44":1,"45":1,"46":1,"50":1,"51":1,"55":1,"56":5,"57":5,"59":1,"60":0,"62":0,"63":0,"65":1,"69":1,"71":1}},
"/Users/davidbastien/Documents/Capstone/Resto Touch/dist/dev/app/shared/models/restaurant.js":{"path":"/Users/davidbastien/Documents/Capstone/Resto Touch/dist/dev/app/shared/models/restaurant.js","s":{"1":1,"2":1,"3":3,"4":3,"5":3,"6":3,"7":3,"8":3,"9":3,"10":3,"11":1,"12":1,"13":1,"14":1,"15":3,"16":3,"17":3,"18":1,"19":1},"b":{},"f":{"1":1,"2":3,"3":1,"4":3},"fnMap":{"1":{"name":"(anonymous_1)","line":2,"loc":{"start":{"line":2,"column":18},"end":{"line":2,"column":30}}},"2":{"name":"Restaurant","line":3,"loc":{"start":{"line":3,"column":4},"end":{"line":3,"column":124}}},"3":{"name":"(anonymous_3)","line":16,"loc":{"start":{"line":16,"column":30},"end":{"line":16,"column":42}}},"4":{"name":"RestaurantTranslations","line":17,"loc":{"start":{"line":17,"column":4},"end":{"line":17,"column":69}}}},"statementMap":{"1":{"start":{"line":2,"column":0},"end":{"line":14,"column":5}},"2":{"start":{"line":3,"column":4},"end":{"line":12,"column":5}},"3":{"start":{"line":4,"column":8},"end":{"line":4,"column":31}},"4":{"start":{"line":5,"column":8},"end":{"line":5,"column":53}},"5":{"start":{"line":6,"column":8},"end":{"line":6,"column":41}},"6":{"start":{"line":7,"column":8},"end":{"line":7,"column":55}},"7":{"start":{"line":8,"column":8},"end":{"line":8,"column":27}},"8":{"start":{"line":9,"column":8},"end":{"line":9,"column":33}},"9":{"start":{"line":10,"column":8},"end":{"line":10,"column":43}},"10":{"start":{"line":11,"column":8},"end":{"line":11,"column":21}},"11":{"start":{"line":13,"column":4},"end":{"line":13,"column":22}},"12":{"start":{"line":15,"column":0},"end":{"line":15,"column":32}},"13":{"start":{"line":16,"column":0},"end":{"line":23,"column":5}},"14":{"start":{"line":17,"column":4},"end":{"line":21,"column":5}},"15":{"start":{"line":18,"column":8},"end":{"line":18,"column":25}},"16":{"start":{"line":19,"column":8},"end":{"line":19,"column":39}},"17":{"start":{"line":20,"column":8},"end":{"line":20,"column":41}},"18":{"start":{"line":22,"column":4},"end":{"line":22,"column":34}},"19":{"start":{"line":24,"column":0},"end":{"line":24,"column":56}}},"branchMap":{},"l":{"2":1,"3":1,"4":3,"5":3,"6":3,"7":3,"8":3,"9":3,"10":3,"11":3,"13":1,"15":1,"16":1,"17":1,"18":3,"19":3,"20":3,"22":1,"24":1}},
"/Users/davidbastien/Documents/Capstone/Resto Touch/dist/dev/app/services/auth.service.js":{"path":"/Users/davidbastien/Documents/Capstone/Resto Touch/dist/dev/app/services/auth.service.js","s":{"1":1,"2":1,"3":1,"4":0,"5":1,"6":2,"7":2,"8":1,"9":1,"10":1,"11":1,"12":1,"13":1,"14":1,"15":1,"16":1,"17":1,"18":1,"19":1,"20":1,"21":0,"22":0,"23":0,"24":0,"25":0,"26":0,"27":1,"28":0,"29":0,"30":0,"31":0,"32":0,"33":0,"34":0,"35":0,"36":1,"37":0,"38":1,"39":0,"40":0,"41":0,"42":1,"43":0,"44":0,"45":0,"46":0,"47":1,"48":0,"49":0,"50":0,"51":1,"52":0,"53":0,"54":0,"55":0,"56":1,"57":0,"58":0,"59":0,"60":0,"61":1,"62":0,"63":0,"64":0,"65":1,"66":1,"67":1},"b":{"1":[1,1,1],"2":[1,0],"3":[0,0],"4":[0,1],"5":[1,1],"6":[2,0],"7":[2,1],"8":[2,0],"9":[0,0],"10":[1,0,0],"11":[1,1,1],"12":[1,0],"13":[1,1],"14":[0,0],"15":[0,0],"16":[0,0],"17":[0,0],"18":[0,0],"19":[0,0],"20":[0,0]},"f":{"1":1,"2":1,"3":1,"4":0,"5":0,"6":0,"7":0,"8":0,"9":0,"10":0,"11":0,"12":0},"fnMap":{"1":{"name":"(anonymous_1)","line":2,"loc":{"start":{"line":2,"column":46},"end":{"line":2,"column":87}}},"2":{"name":"(anonymous_2)","line":8,"loc":{"start":{"line":8,"column":46},"end":{"line":8,"column":62}}},"3":{"name":"(anonymous_3)","line":18,"loc":{"start":{"line":18,"column":19},"end":{"line":18,"column":31}}},"4":{"name":"AuthService","line":19,"loc":{"start":{"line":19,"column":4},"end":{"line":19,"column":44}}},"5":{"name":"(anonymous_5)","line":28,"loc":{"start":{"line":28,"column":40},"end":{"line":28,"column":52}}},"6":{"name":"(anonymous_6)","line":41,"loc":{"start":{"line":41,"column":45},"end":{"line":41,"column":57}}},"7":{"name":"(anonymous_7)","line":44,"loc":{"start":{"line":44,"column":39},"end":{"line":44,"column":51}}},"8":{"name":"(anonymous_8)","line":50,"loc":{"start":{"line":50,"column":45},"end":{"line":50,"column":61}}},"9":{"name":"(anonymous_9)","line":58,"loc":{"start":{"line":58,"column":35},"end":{"line":58,"column":47}}},"10":{"name":"(anonymous_10)","line":63,"loc":{"start":{"line":63,"column":41},"end":{"line":63,"column":57}}},"11":{"name":"(anonymous_11)","line":71,"loc":{"start":{"line":71,"column":40},"end":{"line":71,"column":55}}},"12":{"name":"(anonymous_12)","line":77,"loc":{"start":{"line":77,"column":40},"end":{"line":77,"column":57}}}},"statementMap":{"1":{"start":{"line":2,"column":0},"end":{"line":7,"column":2}},"2":{"start":{"line":3,"column":4},"end":{"line":3,"column":129}},"3":{"start":{"line":4,"column":4},"end":{"line":5,"column":150}},"4":{"start":{"line":4,"column":79},"end":{"line":4,"column":131}},"5":{"start":{"line":5,"column":9},"end":{"line":5,"column":150}},"6":{"start":{"line":5,"column":58},"end":{"line":5,"column":150}},"7":{"start":{"line":5,"column":81},"end":{"line":5,"column":150}},"8":{"start":{"line":6,"column":4},"end":{"line":6,"column":66}},"9":{"start":{"line":8,"column":0},"end":{"line":10,"column":2}},"10":{"start":{"line":9,"column":4},"end":{"line":9,"column":109}},"11":{"start":{"line":9,"column":79},"end":{"line":9,"column":109}},"12":{"start":{"line":11,"column":0},"end":{"line":11,"column":38}},"13":{"start":{"line":12,"column":0},"end":{"line":12,"column":38}},"14":{"start":{"line":13,"column":0},"end":{"line":13,"column":38}},"15":{"start":{"line":14,"column":0},"end":{"line":14,"column":42}},"16":{"start":{"line":15,"column":0},"end":{"line":15,"column":46}},"17":{"start":{"line":16,"column":0},"end":{"line":16,"column":63}},"18":{"start":{"line":17,"column":0},"end":{"line":17,"column":19}},"19":{"start":{"line":18,"column":0},"end":{"line":88,"column":5}},"20":{"start":{"line":19,"column":4},"end":{"line":27,"column":5}},"21":{"start":{"line":20,"column":8},"end":{"line":20,"column":25}},"22":{"start":{"line":21,"column":8},"end":{"line":21,"column":29}},"23":{"start":{"line":22,"column":8},"end":{"line":22,"column":23}},"24":{"start":{"line":23,"column":8},"end":{"line":23,"column":48}},"25":{"start":{"line":24,"column":8},"end":{"line":26,"column":9}},"26":{"start":{"line":25,"column":12},"end":{"line":25,"column":49}},"27":{"start":{"line":28,"column":4},"end":{"line":40,"column":6}},"28":{"start":{"line":29,"column":8},"end":{"line":34,"column":9}},"29":{"start":{"line":30,"column":12},"end":{"line":30,"column":52}},"30":{"start":{"line":31,"column":12},"end":{"line":33,"column":13}},"31":{"start":{"line":32,"column":16},"end":{"line":32,"column":53}},"32":{"start":{"line":35,"column":8},"end":{"line":37,"column":9}},"33":{"start":{"line":36,"column":12},"end":{"line":36,"column":24}},"34":{"start":{"line":38,"column":8},"end":{"line":38,"column":36}},"35":{"start":{"line":39,"column":8},"end":{"line":39,"column":21}},"36":{"start":{"line":41,"column":4},"end":{"line":43,"column":6}},"37":{"start":{"line":42,"column":8},"end":{"line":42,"column":34}},"38":{"start":{"line":44,"column":4},"end":{"line":49,"column":6}},"39":{"start":{"line":45,"column":8},"end":{"line":47,"column":9}},"40":{"start":{"line":46,"column":12},"end":{"line":46,"column":24}},"41":{"start":{"line":48,"column":8},"end":{"line":48,"column":21}},"42":{"start":{"line":50,"column":4},"end":{"line":57,"column":6}},"43":{"start":{"line":51,"column":8},"end":{"line":51,"column":40}},"44":{"start":{"line":52,"column":8},"end":{"line":52,"column":81}},"45":{"start":{"line":53,"column":8},"end":{"line":53,"column":70}},"46":{"start":{"line":54,"column":8},"end":{"line":56,"column":37}},"47":{"start":{"line":58,"column":4},"end":{"line":62,"column":6}},"48":{"start":{"line":59,"column":8},"end":{"line":59,"column":45}},"49":{"start":{"line":60,"column":8},"end":{"line":60,"column":40}},"50":{"start":{"line":61,"column":8},"end":{"line":61,"column":55}},"51":{"start":{"line":63,"column":4},"end":{"line":70,"column":6}},"52":{"start":{"line":64,"column":8},"end":{"line":64,"column":40}},"53":{"start":{"line":65,"column":8},"end":{"line":65,"column":81}},"54":{"start":{"line":66,"column":8},"end":{"line":66,"column":70}},"55":{"start":{"line":67,"column":8},"end":{"line":69,"column":37}},"56":{"start":{"line":71,"column":4},"end":{"line":76,"column":6}},"57":{"start":{"line":72,"column":8},"end":{"line":72,"column":30}},"58":{"start":{"line":73,"column":8},"end":{"line":73,"column":60}},"59":{"start":{"line":74,"column":8},"end":{"line":74,"column":64}},"60":{"start":{"line":75,"column":8},"end":{"line":75,"column":25}},"61":{"start":{"line":77,"column":4},"end":{"line":82,"column":6}},"62":{"start":{"line":78,"column":8},"end":{"line":79,"column":84}},"63":{"start":{"line":80,"column":8},"end":{"line":80,"column":30}},"64":{"start":{"line":81,"column":8},"end":{"line":81,"column":53}},"65":{"start":{"line":83,"column":4},"end":{"line":86,"column":20}},"66":{"start":{"line":87,"column":4},"end":{"line":87,"column":23}},"67":{"start":{"line":89,"column":0},"end":{"line":89,"column":34}}},"branchMap":{"1":{"line":2,"type":"binary-expr","locations":[{"start":{"line":2,"column":18},"end":{"line":2,"column":22}},{"start":{"line":2,"column":26},"end":{"line":2,"column":41}},{"start":{"line":2,"column":46},"end":{"line":7,"column":1}}]},"2":{"line":3,"type":"cond-expr","locations":[{"start":{"line":3,"column":42},"end":{"line":3,"column":48}},{"start":{"line":3,"column":51},"end":{"line":3,"column":125}}]},"3":{"line":3,"type":"cond-expr","locations":[{"start":{"line":3,"column":67},"end":{"line":3,"column":118}},{"start":{"line":3,"column":121},"end":{"line":3,"column":125}}]},"4":{"line":4,"type":"if","locations":[{"start":{"line":4,"column":4},"end":{"line":4,"column":4}},{"start":{"line":4,"column":4},"end":{"line":4,"column":4}}]},"5":{"line":4,"type":"binary-expr","locations":[{"start":{"line":4,"column":8},"end":{"line":4,"column":35}},{"start":{"line":4,"column":39},"end":{"line":4,"column":77}}]},"6":{"line":5,"type":"if","locations":[{"start":{"line":5,"column":58},"end":{"line":5,"column":58}},{"start":{"line":5,"column":58},"end":{"line":5,"column":58}}]},"7":{"line":5,"type":"binary-expr","locations":[{"start":{"line":5,"column":86},"end":{"line":5,"column":143}},{"start":{"line":5,"column":148},"end":{"line":5,"column":149}}]},"8":{"line":5,"type":"cond-expr","locations":[{"start":{"line":5,"column":94},"end":{"line":5,"column":98}},{"start":{"line":5,"column":101},"end":{"line":5,"column":143}}]},"9":{"line":5,"type":"cond-expr","locations":[{"start":{"line":5,"column":109},"end":{"line":5,"column":126}},{"start":{"line":5,"column":129},"end":{"line":5,"column":143}}]},"10":{"line":6,"type":"binary-expr","locations":[{"start":{"line":6,"column":11},"end":{"line":6,"column":16}},{"start":{"line":6,"column":20},"end":{"line":6,"column":21}},{"start":{"line":6,"column":25},"end":{"line":6,"column":62}}]},"11":{"line":8,"type":"binary-expr","locations":[{"start":{"line":8,"column":18},"end":{"line":8,"column":22}},{"start":{"line":8,"column":26},"end":{"line":8,"column":41}},{"start":{"line":8,"column":46},"end":{"line":10,"column":1}}]},"12":{"line":9,"type":"if","locations":[{"start":{"line":9,"column":4},"end":{"line":9,"column":4}},{"start":{"line":9,"column":4},"end":{"line":9,"column":4}}]},"13":{"line":9,"type":"binary-expr","locations":[{"start":{"line":9,"column":8},"end":{"line":9,"column":35}},{"start":{"line":9,"column":39},"end":{"line":9,"column":77}}]},"14":{"line":24,"type":"if","locations":[{"start":{"line":24,"column":8},"end":{"line":24,"column":8}},{"start":{"line":24,"column":8},"end":{"line":24,"column":8}}]},"15":{"line":29,"type":"if","locations":[{"start":{"line":29,"column":8},"end":{"line":29,"column":8}},{"start":{"line":29,"column":8},"end":{"line":29,"column":8}}]},"16":{"line":31,"type":"if","locations":[{"start":{"line":31,"column":12},"end":{"line":31,"column":12}},{"start":{"line":31,"column":12},"end":{"line":31,"column":12}}]},"17":{"line":35,"type":"if","locations":[{"start":{"line":35,"column":8},"end":{"line":35,"column":8}},{"start":{"line":35,"column":8},"end":{"line":35,"column":8}}]},"18":{"line":45,"type":"if","locations":[{"start":{"line":45,"column":8},"end":{"line":45,"column":8}},{"start":{"line":45,"column":8},"end":{"line":45,"column":8}}]},"19":{"line":78,"type":"cond-expr","locations":[{"start":{"line":78,"column":39},"end":{"line":78,"column":52}},{"start":{"line":79,"column":12},"end":{"line":79,"column":83}}]},"20":{"line":79,"type":"cond-expr","locations":[{"start":{"line":79,"column":27},"end":{"line":79,"column":66}},{"start":{"line":79,"column":69},"end":{"line":79,"column":83}}]}},"l":{"2":1,"3":1,"4":1,"5":2,"6":1,"8":1,"9":1,"11":1,"12":1,"13":1,"14":1,"15":1,"16":1,"17":1,"18":1,"19":1,"20":0,"21":0,"22":0,"23":0,"24":0,"25":0,"28":1,"29":0,"30":0,"31":0,"32":0,"35":0,"36":0,"38":0,"39":0,"41":1,"42":0,"44":1,"45":0,"46":0,"48":0,"50":1,"51":0,"52":0,"53":0,"54":0,"58":1,"59":0,"60":0,"61":0,"63":1,"64":0,"65":0,"66":0,"67":0,"71":1,"72":0,"73":0,"74":0,"75":0,"77":1,"78":0,"80":0,"81":0,"83":1,"87":1,"89":1}}}
